 WARN  Unsupported engine: wanted: {"node":">=24 <25"} (current: {"node":"v22.21.1","pnpm":"9.1.0"})

> birthub-360@1.0.0 lint:core /workspace/PROJETO-FINAL-BIRTHUB-360-INNOVATION
> node scripts/ci/run-pnpm.mjs -r --if-present --filter=@birthub/web... --filter=@birthub/api... --filter=@birthub/worker... --filter=@birthub/testing... --filter=@birthub/auth... --filter=@birthub/db... --filter=@birthub/utils... run lint


[agent-ci] >>> /root/.nvm/versions/node/v22.21.1/bin/node /root/.cache/node/corepack/v1/pnpm/9.1.0/bin/pnpm.cjs -r --if-present --filter=@birthub/web... --filter=@birthub/api... --filter=@birthub/worker... --filter=@birthub/testing... --filter=@birthub/auth... --filter=@birthub/db... --filter=@birthub/utils... run lint
.                                        |  WARN  Unsupported engine: wanted: {"node":">=24 <25"} (current: {"node":"v22.21.1","pnpm":"9.1.0"})
Scope: 12 of 36 workspace projects
packages/config lint$ eslint .
packages/logger lint$ eslint .
packages/workflows-core lint$ eslint . --config eslint.config.mjs
packages/database lint$ eslint .
packages/logger lint: /workspace/PROJETO-FINAL-BIRTHUB-360-INNOVATION/packages/logger/src/index.test.ts
packages/logger lint:   42:3  warning  Unsafe return of a value of type `any`  @typescript-eslint/no-unsafe-return
packages/logger lint: ✖ 1 problem (0 errors, 1 warning)
packages/logger lint: Done
packages/auth lint$ eslint .
packages/config lint: Done
packages/utils lint$ eslint .
packages/workflows-core lint: /workspace/PROJETO-FINAL-BIRTHUB-360-INNOVATION/packages/workflows-core/src/interpolation/interpolate.ts
packages/workflows-core lint:   45:32  warning  Unsafe return of a value of type `any`  @typescript-eslint/no-unsafe-return
packages/workflows-core lint: /workspace/PROJETO-FINAL-BIRTHUB-360-INNOVATION/packages/workflows-core/src/nodes/code.ts
packages/workflows-core lint:   41:9  warning  Unsafe assignment of an `any` value  @typescript-eslint/no-unsafe-assignment
packages/workflows-core lint: /workspace/PROJETO-FINAL-BIRTHUB-360-INNOVATION/packages/workflows-core/test/step-types.test.ts
packages/workflows-core lint:   160:9  warning  Async method 'send' has no 'await' expression     @typescript-eslint/require-await
packages/workflows-core lint:   182:9  warning  Async method 'execute' has no 'await' expression  @typescript-eslint/require-await
packages/workflows-core lint:   210:9  warning  Async method 'execute' has no 'await' expression  @typescript-eslint/require-await
packages/workflows-core lint:   239:9  warning  Async method 'execute' has no 'await' expression  @typescript-eslint/require-await
packages/workflows-core lint:   263:9  warning  Async method 'execute' has no 'await' expression  @typescript-eslint/require-await
packages/workflows-core lint:   289:9  warning  Async method 'execute' has no 'await' expression  @typescript-eslint/require-await
packages/workflows-core lint:   315:9  warning  Async method 'execute' has no 'await' expression  @typescript-eslint/require-await
packages/workflows-core lint: ✖ 9 problems (0 errors, 9 warnings)
packages/workflows-core lint: Done
packages/auth lint: /workspace/PROJETO-FINAL-BIRTHUB-360-INNOVATION/packages/auth/src/__tests__/auth.test.ts
packages/auth lint:    8:1  error  Promises must be awaited, end with a call to .catch, end with a call to .then with a rejection handler or be explicitly marked as ignored with the `void` operator  @typescript-eslint/no-floating-promises
packages/auth lint:   14:1  error  Promises must be awaited, end with a call to .catch, end with a call to .then with a rejection handler or be explicitly marked as ignored with the `void` operator  @typescript-eslint/no-floating-promises
packages/auth lint:   20:1  error  Promises must be awaited, end with a call to .catch, end with a call to .then with a rejection handler or be explicitly marked as ignored with the `void` operator  @typescript-eslint/no-floating-promises
packages/auth lint:   26:1  error  Promises must be awaited, end with a call to .catch, end with a call to .then with a rejection handler or be explicitly marked as ignored with the `void` operator  @typescript-eslint/no-floating-promises
packages/auth lint:   30:1  error  Promises must be awaited, end with a call to .catch, end with a call to .then with a rejection handler or be explicitly marked as ignored with the `void` operator  @typescript-eslint/no-floating-promises
packages/auth lint: ✖ 5 problems (5 errors, 0 warnings)
packages/auth lint: Failed
/workspace/PROJETO-FINAL-BIRTHUB-360-INNOVATION/packages/auth:
 ERR_PNPM_RECURSIVE_RUN_FIRST_FAIL  @birthub/auth@0.0.0 lint: `eslint .`
Exit status 1
packages/database lint: /workspace/PROJETO-FINAL-BIRTHUB-360-INNOVATION/packages/database/prisma/seed.ts
packages/database lint:   501:1   error    File has too many lines (892). Maximum allowed is 500  max-lines
packages/database lint:   704:21  error    Unexpected any. Specify a different type               @typescript-eslint/no-explicit-any
packages/database lint:   753:9   warning  Unsafe assignment of an `any` value                    @typescript-eslint/no-unsafe-assignment
packages/database lint:   753:38  warning  Unsafe member access .id on an `any` value             @typescript-eslint/no-unsafe-member-access
packages/database lint:   774:11  warning  Unsafe assignment of an `any` value                    @typescript-eslint/no-unsafe-assignment
packages/database lint:   774:40  warning  Unsafe member access .id on an `any` value             @typescript-eslint/no-unsafe-member-access
packages/database lint: /workspace/PROJETO-FINAL-BIRTHUB-360-INNOVATION/packages/database/test/base.repo.test.ts
packages/database lint:   18:7  warning  Async method 'create' has no 'await' expression      @typescript-eslint/require-await
packages/database lint:   22:7  warning  Async method 'deleteMany' has no 'await' expression  @typescript-eslint/require-await
packages/database lint:   26:7  warning  Async method 'findFirst' has no 'await' expression   @typescript-eslint/require-await
packages/database lint:   30:7  warning  Async method 'findMany' has no 'await' expression    @typescript-eslint/require-await
packages/database lint:   34:7  warning  Async method 'updateMany' has no 'await' expression  @typescript-eslint/require-await
packages/database lint: ✖ 11 problems (2 errors, 9 warnings)
file:///workspace/PROJETO-FINAL-BIRTHUB-360-INNOVATION/scripts/ci/shared.mjs:220
    throw new Error(`Command failed: ${[command, ...args].join(" ")}`);
          ^

Error: Command failed: /root/.nvm/versions/node/v22.21.1/bin/node /root/.cache/node/corepack/v1/pnpm/9.1.0/bin/pnpm.cjs -r --if-present --filter=@birthub/web... --filter=@birthub/api... --filter=@birthub/worker... --filter=@birthub/testing... --filter=@birthub/auth... --filter=@birthub/db... --filter=@birthub/utils... run lint
    at run (file:///workspace/PROJETO-FINAL-BIRTHUB-360-INNOVATION/scripts/ci/shared.mjs:220:11)
    at runPnpm (file:///workspace/PROJETO-FINAL-BIRTHUB-360-INNOVATION/scripts/ci/shared.mjs:238:10)
    at file:///workspace/PROJETO-FINAL-BIRTHUB-360-INNOVATION/scripts/ci/run-pnpm.mjs:10:1
    at ModuleJob.run (node:internal/modules/esm/module_job:343:25)
    at async onImport.tracePromise.__proto__ (node:internal/modules/esm/loader:665:26)
    at async asyncRunEntryPointWithESMLoader (node:internal/modules/run_main:117:5)

Node.js v22.21.1
 ELIFECYCLE  Command failed with exit code 1.
