 WARN  Unsupported engine: wanted: {"node":">=24 <25"} (current: {"node":"v22.21.1","pnpm":"9.1.0"})

> birthub-360@1.0.0 build:core /workspace/PROJETO-FINAL-BIRTHUB-360-INNOVATION
> node scripts/ci/run-pnpm.mjs -r --if-present --filter=@birthub/web... --filter=@birthub/api... --filter=@birthub/worker... --filter=@birthub/testing run build


[agent-ci] >>> /root/.nvm/versions/node/v22.21.1/bin/node /root/.cache/node/corepack/v1/pnpm/9.1.0/bin/pnpm.cjs -r --if-present --filter=@birthub/web... --filter=@birthub/api... --filter=@birthub/worker... --filter=@birthub/testing run build
.                                        |  WARN  Unsupported engine: wanted: {"node":">=24 <25"} (current: {"node":"v22.21.1","pnpm":"9.1.0"})
Scope: 9 of 36 workspace projects
packages/config build$ tsc -p tsconfig.json
packages/logger build$ tsc -p tsconfig.json
packages/workflows-core build$ tsc -p tsconfig.json
packages/agents-core build$ tsc
packages/logger build: Done
packages/database build$ tsc -p tsconfig.json
packages/config build: Done
packages/workflows-core build: Done
packages/agents-core build: Done
packages/database build: Done
apps/api build$ tsc -p tsconfig.json
packages/testing build$ tsc -p tsconfig.json
apps/web build$ next build
apps/web build: Attention: Next.js now collects completely anonymous telemetry regarding usage.
apps/web build: This information is used to shape Next.js' roadmap and prioritize features.
apps/web build: You can learn more, including how to opt-out if you'd not like to participate in this anonymous program, by visiting the following URL:
apps/web build: https://nextjs.org/telemetry
apps/web build: ▲ Next.js 16.1.6 (Turbopack)
apps/web build:   Creating an optimized production build ...
packages/testing build: Done
apps/api build: Done
apps/web build: ✓ Compiled successfully in 77s
apps/web build:   Running TypeScript ...
apps/web build:   Collecting page data using 2 workers ...
apps/web build:   Generating static pages using 2 workers (0/32) ...
apps/web build:   Generating static pages using 2 workers (8/32) 
apps/web build:   Generating static pages using 2 workers (16/32) 
apps/web build:   Generating static pages using 2 workers (24/32) 
apps/web build: ✓ Generating static pages using 2 workers (32/32) in 1172.8ms
apps/web build:   Finalizing page optimization ...
apps/web build: Route (app)
apps/web build: ┌ ○ /
apps/web build: ├ ○ /_not-found
apps/web build: ├ ○ /admin/analytics
apps/web build: ├ ○ /admin/cs
apps/web build: ├ ○ /admin/dashboard
apps/web build: ├ ƒ /agents
apps/web build: ├ ƒ /agents/[id]
apps/web build: ├ ƒ /agents/[id]/policies
apps/web build: ├ ƒ /agents/[id]/run
apps/web build: ├ ƒ /api/auth/[...session]
apps/web build: ├ ƒ /api/bff/[...path]
apps/web build: ├ ○ /billing
apps/web build: ├ ƒ /billing/budgets
apps/web build: ├ ○ /billing/cancel
apps/web build: ├ ○ /billing/success
apps/web build: ├ ○ /developers/apikeys
apps/web build: ├ ○ /health
apps/web build: ├ ○ /invites/accept
apps/web build: ├ ○ /legal/privacy
apps/web build: ├ ○ /legal/terms
apps/web build: ├ ƒ /login
apps/web build: ├ ƒ /marketplace
apps/web build: ├ ƒ /marketplace/compare
apps/web build: ├ ƒ /outputs
apps/web build: ├ ○ /packs
apps/web build: ├ ○ /pricing
apps/web build: ├ ○ /profile/notifications
apps/web build: ├ ○ /profile/security
apps/web build: ├ ○ /settings/audit
apps/web build: ├ ○ /settings/billing
apps/web build: ├ ○ /settings/developers/webhooks
apps/web build: ├ ○ /settings/members
apps/web build: ├ ○ /settings/privacy
apps/web build: ├ ○ /settings/security
apps/web build: ├ ○ /settings/team
apps/web build: ├ ○ /settings/users
apps/web build: ├ ƒ /workflows/[id]/edit
apps/web build: └ ƒ /workflows/[id]/runs
apps/web build: ƒ Proxy (Middleware)
apps/web build: ○  (Static)   prerendered as static content
apps/web build: ƒ  (Dynamic)  server-rendered on demand
apps/web build: Done
apps/worker build$ tsc -p tsconfig.json
apps/worker build: Done
